c:\users\basketball\desktop\lanqiu\view_basket\view_code2\x64\debug\mythread.obj
c:\users\basketball\desktop\lanqiu\view_basket\view_code2\x64\debug\view_code2.obj
c:\users\basketball\desktop\lanqiu\view_basket\view_code2\x64\debug\main.obj
c:\users\basketball\desktop\lanqiu\view_basket\view_code2\x64\debug\qrc_view_code2.obj
c:\users\basketball\desktop\lanqiu\view_basket\view_code2\x64\debug\moc_view_code2.obj
c:\users\basketball\desktop\lanqiu\view_basket\view_code2\x64\debug\moc_mythread.obj
c:\users\basketball\desktop\lanqiu\view_basket\view_code2\x64\debug\vc141.pdb
c:\users\basketball\desktop\lanqiu\view_basket\x64\debug\view_code2.exe
c:\users\basketball\desktop\lanqiu\view_basket\x64\debug\view_code2.ilk
c:\users\basketball\desktop\lanqiu\view_basket\x64\debug\view_code2.pdb
c:\users\basketball\desktop\lanqiu\view_basket\view_code2\.\generatedfiles\debug\moc_view_code2.cpp
c:\users\basketball\desktop\lanqiu\view_basket\view_code2\.\generatedfiles\debug\moc_mythread.cpp
c:\users\basketball\desktop\lanqiu\view_basket\view_code2\.\generatedfiles\qrc_view_code2.cpp
c:\users\basketball\desktop\lanqiu\view_basket\view_code2\.\generatedfiles\ui_view_code2.h
c:\users\basketball\desktop\lanqiu\view_basket\view_code2\generatedfiles\ui_view_code2.h
c:\users\basketball\desktop\lanqiu\view_basket\view_code2\generatedfiles\qrc_view_code2.cpp
c:\users\basketball\desktop\lanqiu\view_basket\view_code2\generatedfiles\debug\moc_view_code2.cpp
c:\users\basketball\desktop\lanqiu\view_basket\view_code2\generatedfiles\debug\moc_mythread.cpp
c:\users\nuc\desktop\view_basket\view_code2\x64\debug\main.obj
c:\users\nuc\desktop\view_basket\view_code2\x64\debug\moc_mythread.obj
c:\users\nuc\desktop\view_basket\view_code2\x64\debug\moc_view_code2.obj
c:\users\nuc\desktop\view_basket\view_code2\x64\debug\mythread.obj
c:\users\nuc\desktop\view_basket\view_code2\x64\debug\qrc_view_code2.obj
c:\users\nuc\desktop\view_basket\view_code2\x64\debug\view_code2.obj
c:\users\nuc\desktop\view_basket\view_code2\x64\debug\vc141.pdb
c:\users\nuc\desktop\view_basket\x64\debug\view_code2.pdb
c:\users\nuc\desktop\view_basket\x64\debug\view_code2.exe
c:\users\nuc\desktop\view_basket\x64\debug\view_code2.ilk
c:\users\nuc\desktop\view_basket\view_code2\x64\debug\view_code2.tlog\cl.command.1.tlog
c:\users\nuc\desktop\view_basket\view_code2\x64\debug\view_code2.tlog\cl.read.1.tlog
c:\users\nuc\desktop\view_basket\view_code2\x64\debug\view_code2.tlog\cl.write.1.tlog
c:\users\nuc\desktop\view_basket\view_code2\x64\debug\view_code2.tlog\link.command.1.tlog
c:\users\nuc\desktop\view_basket\view_code2\x64\debug\view_code2.tlog\link.read.1.tlog
c:\users\nuc\desktop\view_basket\view_code2\x64\debug\view_code2.tlog\link.write.1.tlog
c:\users\nuc\desktop\view_basket\view_code2\x64\debug\view_code2.tlog\moc.read.1u.tlog
c:\users\nuc\desktop\view_basket\view_code2\x64\debug\view_code2.tlog\moc.write.1u.tlog
c:\users\nuc\desktop\view_basket\view_code2\x64\debug\view_code2.tlog\qtmoc.read.1u.tlog
c:\users\nuc\desktop\view_basket\view_code2\x64\debug\view_code2.tlog\qtmoc.write.1u.tlog
c:\users\nuc\desktop\view_basket\view_code2\x64\debug\view_code2.tlog\qtrcc.read.1u.tlog
c:\users\nuc\desktop\view_basket\view_code2\x64\debug\view_code2.tlog\qtrcc.write.1u.tlog
c:\users\nuc\desktop\view_basket\view_code2\x64\debug\view_code2.tlog\qtuic.read.1u.tlog
c:\users\nuc\desktop\view_basket\view_code2\x64\debug\view_code2.tlog\qtuic.write.1u.tlog
c:\users\nuc\desktop\view_basket\view_code2\x64\debug\view_code2.tlog\rcc.read.1u.tlog
c:\users\nuc\desktop\view_basket\view_code2\x64\debug\view_code2.tlog\rcc.write.1u.tlog
c:\users\nuc\desktop\view_basket\view_code2\x64\debug\view_code2.tlog\uic.read.1u.tlog
c:\users\nuc\desktop\view_basket\view_code2\x64\debug\view_code2.tlog\uic.write.1u.tlog
c:\users\nuc\desktop\view_basket\view_code2\x64\debug\view_code2.tlog\view_code2.write.1u.tlog
